[debug] [2021-04-12T14:08:39.031Z] ----------------------------------------------------------------------
[debug] [2021-04-12T14:08:39.033Z] Command:       C:\Program Files\nodejs\node.exe C:\Users\Stakyy\AppData\Roaming\npm\node_modules\firebase-tools\lib\bin\firebase.js init
[debug] [2021-04-12T14:08:39.033Z] CLI Version:   9.9.0
[debug] [2021-04-12T14:08:39.033Z] Platform:      win32
[debug] [2021-04-12T14:08:39.033Z] Node Version:  v14.15.1
[debug] [2021-04-12T14:08:39.034Z] Time:          Mon Apr 12 2021 17:08:39 GMT+0300 (Москва, стандартное время)
[debug] [2021-04-12T14:08:39.034Z] ----------------------------------------------------------------------
[debug] 
[debug] [2021-04-12T14:08:39.039Z] > command requires scopes: ["email","openid","https://www.googleapis.com/auth/cloudplatformprojects.readonly","https://www.googleapis.com/auth/firebase","https://www.googleapis.com/auth/cloud-platform"]
[debug] [2021-04-12T14:08:39.039Z] > authorizing via signed-in user (armazah3@gmail.com)
[info] 
     ######## #### ########  ######## ########     ###     ######  ########
     ##        ##  ##     ## ##       ##     ##  ##   ##  ##       ##
     ######    ##  ########  ######   ########  #########  ######  ######
     ##        ##  ##    ##  ##       ##     ## ##     ##       ## ##
     ##       #### ##     ## ######## ########  ##     ##  ######  ########

You're about to initialize a Firebase project in this directory:

  C:\Users\Stakyy\Desktop\Posts

[info] 
=== Project Setup
[info] 
[info] First, let's associate this project directory with a Firebase project.
[info] You can create multiple project aliases by running firebase use --add, 
[info] but for now we'll just set up a default project.
[info] 
[debug] [2021-04-12T14:09:26.556Z] >>> [apiv2][query] GET https://firebase.googleapis.com/v1beta1/projects pageSize=100
[debug] [2021-04-12T14:09:26.984Z] <<< [apiv2][status] GET https://firebase.googleapis.com/v1beta1/projects 200
[debug] [2021-04-12T14:09:26.985Z] <<< [apiv2][body] GET https://firebase.googleapis.com/v1beta1/projects [omitted]
[info] i  Using project posts-database (posts-database) 
[info] 
=== Hosting Setup
[info] 
[info] Your public directory is the folder (relative to your project directory) that
[info] will contain Hosting assets to be uploaded with firebase deploy. If you
[info] have a build process for your assets, use your build's output directory.
[info] 
[debug] [2021-04-12T14:10:14.374Z] >>> [apiv2][query] GET https://www.gstatic.com/firebasejs/releases.json [none]
[debug] [2021-04-12T14:10:14.475Z] <<< [apiv2][status] GET https://www.gstatic.com/firebasejs/releases.json 200
[debug] [2021-04-12T14:10:14.475Z] <<< [apiv2][body] GET https://www.gstatic.com/firebasejs/releases.json {"current":{"version":"8.3.3","browserURL":"https://www.gstatic.com/firebasejs/8.3.3/firebase.js","packageURL":"https://www.gstatic.com/firebasejs/8.3.3/firebase.tgz"},"live":{"version":"8.3","browserURL":"https://www.gstatic.com/firebasejs/live/8.3/firebase.js","packageURL":"https://www.gstatic.com/firebasejs/live/8.3/firebase.tgz"},"components":{"analytics":"https://www.gstatic.com/firebasejs/8.3.3/firebase-analytics.js","app":"https://www.gstatic.com/firebasejs/8.3.3/firebase-app.js","auth":"https://www.gstatic.com/firebasejs/8.3.3/firebase-auth.js","database":"https://www.gstatic.com/firebasejs/8.3.3/firebase-database.js","firestore":"https://www.gstatic.com/firebasejs/8.3.3/firebase-firestore.js","functions":"https://www.gstatic.com/firebasejs/8.3.3/firebase-functions.js","installations":"https://www.gstatic.com/firebasejs/8.3.3/firebase-installations.js","messaging":"https://www.gstatic.com/firebasejs/8.3.3/firebase-messaging.js","storage":"https://www.gstatic.com/firebasejs/8.3.3/firebase-storage.js","performance":"https://www.gstatic.com/firebasejs/8.3.3/firebase-performance.js","remote-config":"https://www.gstatic.com/firebasejs/8.3.3/firebase-remote-config.js","firestore.memory":"https://www.gstatic.com/firebasejs/8.3.3/firebase-firestore.memory.js"}}
[info] i  Skipping write of dist/index.html 
[info] 
[info] i  Detected a .git folder at C:\Users\Stakyy 
[info] i  Authorizing with GitHub to upload your service account to a GitHub repository's secrets store. 
[info] 
[info] Visit this URL on this device to log in:
[info] https://github.com/login/oauth/authorize?client_id=89cf50f02ac6aaed3484&state=158484888&redirect_uri=http%3A%2F%2Flocalhost%3A9005&scope=read%3Auser%20repo%20public_repo
[info] 
[info] Waiting for authentication...
[debug] [2021-04-12T14:10:31.118Z] >>> HTTP REQUEST POST https://github.com/login/oauth/access_token  
 {"client_id":"89cf50f02ac6aaed3484","client_secret":"3330d14abc895d9a74d5f17cd7a00711fa2c5bf0","code":"681da422876656c0a27b","redirect_uri":"http://localhost:9005","state":"158484888"}
[debug] [2021-04-12T14:10:31.466Z] <<< HTTP RESPONSE 200 {"server":"GitHub.com","date":"Mon, 12 Apr 2021 14:10:32 GMT","content-type":"application/json; charset=utf-8","transfer-encoding":"chunked","vary":"X-PJAX, Accept-Encoding, Accept, X-Requested-With","etag":"W/\"ee9de2b2282ef769dbd12dd1cdb78574\"","cache-control":"max-age=0, private, must-revalidate","strict-transport-security":"max-age=31536000; includeSubdomains; preload","x-frame-options":"deny","x-content-type-options":"nosniff","x-xss-protection":"0","referrer-policy":"origin-when-cross-origin, strict-origin-when-cross-origin","expect-ct":"max-age=2592000, report-uri=\"https://api.github.com/_private/browser/errors\"","content-security-policy":"default-src 'none'; base-uri 'self'; block-all-mixed-content; connect-src 'self' uploads.github.com www.githubstatus.com collector.githubapp.com api.github.com github-cloud.s3.amazonaws.com github-production-repository-file-5c1aeb.s3.amazonaws.com github-production-upload-manifest-file-7fdce7.s3.amazonaws.com github-production-user-asset-6210df.s3.amazonaws.com cdn.optimizely.com logx.optimizely.com/v1/events wss://alive.github.com; font-src github.githubassets.com; form-action 'self' github.com gist.github.com; frame-ancestors 'none'; frame-src render.githubusercontent.com; img-src 'self' data: github.githubassets.com identicons.github.com collector.githubapp.com github-cloud.s3.amazonaws.com secured-user-images.githubusercontent.com/ *.githubusercontent.com; manifest-src 'self'; media-src 'none'; script-src github.githubassets.com; style-src 'unsafe-inline' github.githubassets.com; worker-src github.com/socket-worker-3f088aa2.js gist.github.com/socket-worker-3f088aa2.js","x-github-request-id":"C37D:C137:318E90:497252:607454D7"}
[debug] [2021-04-12T14:10:31.468Z] >>> [apiv2][query] GET https://api.github.com/user [none]
[debug] [2021-04-12T14:10:31.876Z] <<< [apiv2][status] GET https://api.github.com/user 200
[debug] [2021-04-12T14:10:31.876Z] <<< [apiv2][body] GET https://api.github.com/user {"login":"Stakyy","id":55021988,"node_id":"MDQ6VXNlcjU1MDIxOTg4","avatar_url":"https://avatars.githubusercontent.com/u/55021988?v=4","gravatar_id":"","url":"https://api.github.com/users/Stakyy","html_url":"https://github.com/Stakyy","followers_url":"https://api.github.com/users/Stakyy/followers","following_url":"https://api.github.com/users/Stakyy/following{/other_user}","gists_url":"https://api.github.com/users/Stakyy/gists{/gist_id}","starred_url":"https://api.github.com/users/Stakyy/starred{/owner}{/repo}","subscriptions_url":"https://api.github.com/users/Stakyy/subscriptions","organizations_url":"https://api.github.com/users/Stakyy/orgs","repos_url":"https://api.github.com/users/Stakyy/repos","events_url":"https://api.github.com/users/Stakyy/events{/privacy}","received_events_url":"https://api.github.com/users/Stakyy/received_events","type":"User","site_admin":false,"name":null,"company":null,"blog":"","location":null,"email":null,"hireable":null,"bio":null,"twitter_username":null,"public_repos":7,"public_gists":0,"followers":0,"following":0,"created_at":"2019-09-07T12:09:20Z","updated_at":"2021-04-12T14:10:24Z","private_gists":0,"total_private_repos":1,"owned_private_repos":1,"disk_usage":35111,"collaborators":1,"two_factor_authentication":false,"plan":{"name":"free","space":976562499,"collaborators":0,"private_repos":10000}}
[info] 
[info] +  Success! Logged into GitHub as Stakyy 
[info] 
